<?xml version="1.0" encoding="UTF-8"?>
<!-- Generated by org.testng.reporters.JUnitXMLReporter -->
<testsuite ignored="0" hostname="LAPTOP-QA2FEKA3" failures="0" tests="4" name="Default test" time="92.786" errors="0" timestamp="2023-08-05T01:28:07 IST">
  <testcase classname="com.yatra.qa.testpages.FlightBookigTest" name="flightsrc" time="12.169"/>
  <testcase classname="com.yatra.qa.testpages.FlightBookigTest" name="flightSelec" time="0.666"/>
  <testcase classname="com.yatra.qa.testpages.FlightBookigTest" name="flightUserDetails" time="37.201"/>
  <testcase classname="com.yatra.qa.testpages.FlightBookigTest" name="paymentPg" time="3.591"/>
</testsuite> <!-- Default test -->
