<?xml version="1.0" encoding="UTF-8"?>
<!-- Generated by org.testng.reporters.JUnitXMLReporter -->
<testsuite ignored="0" hostname="DESKTOP-2O18T4K" failures="0" tests="4" name="Default test" time="58.235" errors="0" timestamp="2023-08-10T21:06:09 IST">
  <testcase classname="com.yatra.qa.TestCase.BusTest" name="bookBusTicket" time="15.343"/>
  <testcase classname="com.yatra.qa.TestCase.BusTest" name="bookBusSeat" time="6.26"/>
  <testcase classname="com.yatra.qa.TestCase.BusTest" name="bookBusSeatPreferences" time="6.201"/>
  <testcase classname="com.yatra.qa.TestCase.BusTest" name="bookPaymentMethod" time="15.501"/>
</testsuite> <!-- Default test -->
