<?xml version="1.0" encoding="UTF-8"?>
<testng-results ignored="0" total="1" passed="1" failed="0" skipped="0">
  <reporter-output>
  </reporter-output>
  <suite started-at="2023-07-26T20:56:33 PDT" name="Default suite" finished-at="2023-07-26T20:56:51 PDT" duration-ms="17632">
    <groups>
    </groups>
    <test started-at="2023-07-26T20:56:33 PDT" name="Default test" finished-at="2023-07-26T20:56:51 PDT" duration-ms="17632">
      <class name="com.yatra.qa.TestCase.LoginPageTest">
        <test-method is-config="true" signature="Setup()[pri:0, instance:com.yatra.qa.TestCase.LoginPageTest@738dc9b]" started-at="2023-07-26T20:56:34 PDT" name="Setup" finished-at="2023-07-26T20:56:46 PDT" duration-ms="12535" status="PASS">
          <reporter-output>
          </reporter-output>
        </test-method> <!-- Setup -->
        <test-method signature="loginTest()[pri:3, instance:com.yatra.qa.TestCase.LoginPageTest@738dc9b]" started-at="2023-07-26T20:56:46 PDT" name="loginTest" finished-at="2023-07-26T20:56:51 PDT" duration-ms="5020" status="PASS">
          <reporter-output>
          </reporter-output>
        </test-method> <!-- loginTest -->
        <test-method is-config="true" signature="tearDown()[pri:0, instance:com.yatra.qa.TestCase.LoginPageTest@738dc9b]" started-at="2023-07-26T20:56:51 PDT" name="tearDown" finished-at="2023-07-26T20:56:51 PDT" duration-ms="2" status="PASS">
          <reporter-output>
          </reporter-output>
        </test-method> <!-- tearDown -->
      </class> <!-- com.yatra.qa.TestCase.LoginPageTest -->
    </test> <!-- Default test -->
  </suite> <!-- Default suite -->
</testng-results>
